#
# There is insufficient memory for the Java Runtime Environment to continue.
# Native memory allocation (mmap) failed to map 67108864 bytes for G1 virtual space
# Possible reasons:
#   The system is out of physical RAM or swap space
#   The process is running with CompressedOops enabled, and the Java Heap may be blocking the growth of the native heap
# Possible solutions:
#   Reduce memory load on the system
#   Increase physical memory or swap space
#   Check if swap backing store is full
#   Decrease Java heap size (-Xmx/-Xms)
#   Decrease number of Java threads
#   Decrease Java thread stack sizes (-Xss)
#   Set larger code cache with -XX:ReservedCodeCacheSize=
#   JVM is running with Unscaled Compressed Oops mode in which the Java heap is
#     placed in the first 4GB address space. The Java Heap base address is the
#     maximum limit for the native heap growth. Please use -XX:HeapBaseMinAddress
#     to set the Java Heap base and to place the Java Heap above 4GB virtual address.
# This output file may be truncated or incomplete.
#
#  Out of Memory Error (os_windows.cpp:3550), pid=9948, tid=6036
#
# JRE version:  (17.0.7+8) (build )
# Java VM: Java HotSpot(TM) 64-Bit Server VM (17.0.7+8-LTS-224, mixed mode, sharing, tiered, compressed oops, compressed class ptrs, g1 gc, windows-amd64)
# No core dump will be written. Minidumps are not enabled by default on client versions of Windows
#

---------------  S U M M A R Y ------------

Command Line: 

Host: Intel(R) Core(TM) i5-4210M CPU @ 2.60GHz, 4 cores, 3G,  Windows 10 , 64 bit Build 19041 (10.0.19041.3636)
Time: Tue Apr 16 10:53:12 2024 South Africa Standard Time elapsed time: 0.251645 seconds (0d 0h 0m 0s)

---------------  T H R E A D  ---------------

Current thread (0x0000029a7c054830):  JavaThread "Unknown thread" [_thread_in_vm, id=6036, stack(0x000000cc8ca00000,0x000000cc8cb00000)]

Stack: [0x000000cc8ca00000,0x000000cc8cb00000]
Native frames: (J=compiled Java code, j=interpreted, Vv=VM code, C=native code)
V  [jvm.dll+0x676a4a]
V  [jvm.dll+0x7d74f4]
V  [jvm.dll+0x7d8c9e]
V  [jvm.dll+0x7d9303]
V  [jvm.dll+0x2452c5]
V  [jvm.dll+0x6738f9]
V  [jvm.dll+0x668232]
V  [jvm.dll+0x302826]
V  [jvm.dll+0x309da6]
V  [jvm.dll+0x35952e]
V  [jvm.dll+0x35975f]
V  [jvm.dll+0x2d9a38]
V  [jvm.dll+0x2da9a4]
V  [jvm.dll+0x7a8fb1]
V  [jvm.dll+0x3670e1]
V  [jvm.dll+0x788359]
V  [jvm.dll+0x3ea5ef]
V  [jvm.dll+0x3ec071]
C  [jli.dll+0x5297]
C  [ucrtbase.dll+0x21bb2]
C  [KERNEL32.DLL+0x17344]
C  [ntdll.dll+0x526b1]


---------------  P R O C E S S  ---------------

Threads class SMR info:
_java_thread_list=0x00007ffcb4984998, length=0, elements={
}

Java Threads: ( => current thread )

Other Threads:
  0x0000029a7c091e30 GCTaskThread "GC Thread#0" [stack: 0x000000cc8cb00000,0x000000cc8cc00000] [id=5556]
  0x0000029a7c09aaf0 ConcurrentGCThread "G1 Main Marker" [stack: 0x000000cc8cc00000,0x000000cc8cd00000] [id=1928]
  0x0000029a7c09bca0 ConcurrentGCThread "G1 Conc#0" [stack: 0x000000cc8cd00000,0x000000cc8ce00000] [id=6608]

[error occurred during error reporting (printing all threads), id 0xc0000005, EXCEPTION_ACCESS_VIOLATION (0xc0000005) at pc=0x00007ffcb41ba697]

VM state: not at safepoint (not fully initialized)

VM Mutex/Monitor currently owned by a thread:  ([mutex/lock_event])
[0x0000029a7c04f340] Heap_lock - owner thread: 0x0000029a7c054830

Heap address: 0x00000000c1400000, size: 1004 MB, Compressed Oops mode: 32-bit

CDS archive(s) mapped at: [0x0000000000000000-0x0000000000000000-0x0000000000000000), size 0, SharedBaseAddress: 0x0000000800000000, ArchiveRelocationMode: 0.
Narrow klass base: 0x0000000000000000, Narrow klass shift: 0, Narrow klass range: 0x0

GC Precious Log:
<Empty>

Heap:
 garbage-first heap   total 0K, used 0K [0x00000000c1400000, 0x0000000100000000)
  region size 1024K, 0 young (0K), 0 survivors (0K)

[error occurred during error reporting (printing heap information), id 0xc0000005, EXCEPTION_ACCESS_VIOLATION (0xc0000005) at pc=0x00007ffcb45a00b9]

GC Heap History (0 events):
No events

Deoptimization events (0 events):
No events

Classes unloaded (0 events):
No events

Classes redefined (0 events):
No events

Internal exceptions (0 events):
No events

VM Operations (0 events):
No events

Events (1 events):
Event: 0.038 Loaded shared library C:\Program Files\Java\jdk-17\bin\java.dll


Dynamic libraries:
0x00007ff6c8630000 - 0x00007ff6c8640000 	C:\Program Files\Java\jdk-17\bin\java.exe
0x00007ffce6ab0000 - 0x00007ffce6ca8000 	C:\WINDOWS\SYSTEM32\ntdll.dll
0x00007ffce5cc0000 - 0x00007ffce5d7d000 	C:\WINDOWS\System32\KERNEL32.DLL
0x00007ffce4790000 - 0x00007ffce4a86000 	C:\WINDOWS\System32\KERNELBASE.dll
0x00007ffce4420000 - 0x00007ffce4520000 	C:\WINDOWS\System32\ucrtbase.dll
0x00007ffcdd980000 - 0x00007ffcdd99b000 	C:\Program Files\Java\jdk-17\bin\VCRUNTIME140.dll
0x00007ffcde950000 - 0x00007ffcde969000 	C:\Program Files\Java\jdk-17\bin\jli.dll
0x00007ffce5d80000 - 0x00007ffce5e30000 	C:\WINDOWS\System32\ADVAPI32.dll
0x00007ffce6260000 - 0x00007ffce62fe000 	C:\WINDOWS\System32\msvcrt.dll
0x00007ffce4b40000 - 0x00007ffce4be0000 	C:\WINDOWS\System32\sechost.dll
0x00007ffce6080000 - 0x00007ffce61a3000 	C:\WINDOWS\System32\RPCRT4.dll
0x00007ffce4600000 - 0x00007ffce4627000 	C:\WINDOWS\System32\bcrypt.dll
0x00007ffce5e30000 - 0x00007ffce5fcf000 	C:\WINDOWS\System32\USER32.dll
0x00007ffcd17a0000 - 0x00007ffcd1a3a000 	C:\WINDOWS\WinSxS\amd64_microsoft.windows.common-controls_6595b64144ccf1df_6.0.19041.3636_none_60b6a03d71f818d5\COMCTL32.dll
0x00007ffce45d0000 - 0x00007ffce45f2000 	C:\WINDOWS\System32\win32u.dll
0x00007ffce5fd0000 - 0x00007ffce5ffb000 	C:\WINDOWS\System32\GDI32.dll
0x00007ffce4260000 - 0x00007ffce4377000 	C:\WINDOWS\System32\gdi32full.dll
0x00007ffce4380000 - 0x00007ffce441d000 	C:\WINDOWS\System32\msvcp_win.dll
0x00007ffcd1260000 - 0x00007ffcd126a000 	C:\WINDOWS\SYSTEM32\VERSION.dll
0x00007ffce5720000 - 0x00007ffce5752000 	C:\WINDOWS\System32\IMM32.DLL
0x00007ffcdf480000 - 0x00007ffcdf48c000 	C:\Program Files\Java\jdk-17\bin\vcruntime140_1.dll
0x00007ffccabb0000 - 0x00007ffccac3e000 	C:\Program Files\Java\jdk-17\bin\msvcp140.dll
0x00007ffcb3ed0000 - 0x00007ffcb4aad000 	C:\Program Files\Java\jdk-17\bin\server\jvm.dll
0x00007ffce52f0000 - 0x00007ffce52f8000 	C:\WINDOWS\System32\PSAPI.DLL
0x00007ffcd1a40000 - 0x00007ffcd1a67000 	C:\WINDOWS\SYSTEM32\WINMM.dll
0x00007ffcd2000000 - 0x00007ffcd2009000 	C:\WINDOWS\SYSTEM32\WSOCK32.dll
0x00007ffce58c0000 - 0x00007ffce592b000 	C:\WINDOWS\System32\WS2_32.dll
0x00007ffce2190000 - 0x00007ffce21a2000 	C:\WINDOWS\SYSTEM32\kernel.appcore.dll
0x00007ffcde9f0000 - 0x00007ffcde9fa000 	C:\Program Files\Java\jdk-17\bin\jimage.dll
0x00007ffcce170000 - 0x00007ffcce354000 	C:\WINDOWS\SYSTEM32\DBGHELP.DLL
0x00007ffcd27e0000 - 0x00007ffcd2814000 	C:\WINDOWS\SYSTEM32\dbgcore.DLL
0x00007ffce4160000 - 0x00007ffce41e2000 	C:\WINDOWS\System32\bcryptPrimitives.dll
0x00007ffcd9c20000 - 0x00007ffcd9c45000 	C:\Program Files\Java\jdk-17\bin\java.dll

dbghelp: loaded successfully - version: 4.0.5 - missing functions: none
symbol engine: initialized successfully - sym options: 0x614 - pdb path: .;C:\Program Files\Java\jdk-17\bin;C:\WINDOWS\SYSTEM32;C:\WINDOWS\WinSxS\amd64_microsoft.windows.common-controls_6595b64144ccf1df_6.0.19041.3636_none_60b6a03d71f818d5;C:\Program Files\Java\jdk-17\bin\server

VM Arguments:
java_command: <unknown>
java_class_path (initial): <not set>
Launcher Type: SUN_STANDARD

[Global flags]
     intx CICompilerCount                          = 3                                         {product} {ergonomic}
     uint ConcGCThreads                            = 1                                         {product} {ergonomic}
     uint G1ConcRefinementThreads                  = 4                                         {product} {ergonomic}
   size_t G1HeapRegionSize                         = 1048576                                   {product} {ergonomic}
    uintx GCDrainStackTargetSize                   = 64                                        {product} {ergonomic}
   size_t InitialHeapSize                          = 67108864                                  {product} {ergonomic}
   size_t MarkStackSize                            = 4194304                                   {product} {ergonomic}
   size_t MaxHeapSize                              = 1052770304                                {product} {ergonomic}
   size_t MinHeapDeltaBytes                        = 1048576                                   {product} {ergonomic}
   size_t MinHeapSize                              = 8388608                                   {product} {ergonomic}
    uintx NonNMethodCodeHeapSize                   = 5832780                                {pd product} {ergonomic}
    uintx NonProfiledCodeHeapSize                  = 122912730                              {pd product} {ergonomic}
    uintx ProfiledCodeHeapSize                     = 122912730                              {pd product} {ergonomic}
    uintx ReservedCodeCacheSize                    = 251658240                              {pd product} {ergonomic}
     bool SegmentedCodeCache                       = true                                      {product} {ergonomic}
   size_t SoftMaxHeapSize                          = 1052770304                             {manageable} {ergonomic}
     bool UseCompressedClassPointers               = true                           {product lp64_product} {ergonomic}
     bool UseCompressedOops                        = true                           {product lp64_product} {ergonomic}
     bool UseG1GC                                  = true                                      {product} {ergonomic}
     bool UseLargePagesIndividualAllocation        = false                                  {pd product} {ergonomic}

Logging:
Log output configuration:
 #0: stdout all=warning uptime,level,tags
 #1: stderr all=off uptime,level,tags

Environment Variables:
PATH=C:\Program Files\Common Files\Oracle\Java\javapath;C:\Program Files (x86)\VMware\VMware Player\bin\;C:\WINDOWS\system32;C:\WINDOWS;C:\WINDOWS\System32\Wbem;C:\WINDOWS\System32\WindowsPowerShell\v1.0\;C:\WINDOWS\System32\OpenSSH\;D:\runtime\win64;D:\bin;D:\polyspace\bin;C:\Apache24\bin;C:\php80;C:\Program Files\Git\cmd;C:\Program Files\MySQL\MySQL Server 8.0\bin;C:\Users\tpm30\AppData\Local\Microsoft\WindowsApps;D:\VS CODE\Microsoft VS Code\bin
USERNAME=tpm30
LANG=en_US.UTF-8
OS=Windows_NT
PROCESSOR_IDENTIFIER=Intel64 Family 6 Model 60 Stepping 3, GenuineIntel



---------------  S Y S T E M  ---------------

OS:
 Windows 10 , 64 bit Build 19041 (10.0.19041.3636)
OS uptime: 1 days 2:54 hours
Hyper-V role detected

CPU: total 4 (initial active 4) (2 cores per cpu, 2 threads per core) family 6 model 60 stepping 3 microcode 0x27, cx8, cmov, fxsr, ht, mmx, sse, sse2, sse3, ssse3, sse4.1, sse4.2, popcnt, lzcnt, tsc, tscinvbit, avx, avx2, aes, erms, clmul, bmi1, bmi2, fma, vzeroupper, clflush, hv

Memory: 4k page, system-wide physical 4009M (315M free)
TotalPageFile size 5486M (AvailPageFile size 27M)
current process WorkingSet (physical memory assigned to process): 10M, peak: 10M
current process commit charge ("private bytes"): 51M, peak: 115M

vm_info: Java HotSpot(TM) 64-Bit Server VM (17.0.7+8-LTS-224) for windows-amd64 JRE (17.0.7+8-LTS-224), built on Feb 28 2023 23:03:02 by "mach5one" with MS VC++ 17.1 (VS2022)

END.
